I: 2025-04-18 13:37:43.310 This software is licenced under the GPL v2 and is primarily
I: 2025-04-18 13:37:43.310 intended for amateur and educational use.
I: 2025-04-18 13:37:43.310 Created by Jonathan Naylor, G4KLX and others
I: 2025-04-18 13:37:43.311 Modified by Phil Thompson VE3RD
I: 2025-04-18 13:37:43.311 Version: 20231203-6RD
I: 2025-04-18 16:31:39.078 This software is licenced under the GPL v2 and is primarily
I: 2025-04-18 16:31:39.080 intended for amateur and educational use.
I: 2025-04-18 16:31:39.080 Created by Jonathan Naylor, G4KLX and others
I: 2025-04-18 16:31:39.080 Modified by Phil Thompson VE3RD
I: 2025-04-18 16:31:39.080 Version: 20231203-6RD
I: 2025-04-18 17:00:07.200 This software is licenced under the GPL v2 and is primarily
I: 2025-04-18 17:00:07.200 intended for amateur and educational use.
I: 2025-04-18 17:00:07.200 Created by Jonathan Naylor, G4KLX and others
I: 2025-04-18 17:00:07.201 Modified by Phil Thompson VE3RD
I: 2025-04-18 17:00:07.201 Version: 20231203-6RD
I: 2025-04-18 17:12:04.691 This software is licenced under the GPL v2 and is primarily
I: 2025-04-18 17:12:04.692 intended for amateur and educational use.
I: 2025-04-18 17:12:04.692 Created by Jonathan Naylor, G4KLX and others
I: 2025-04-18 17:12:04.692 Modified by Phil Thompson VE3RD
I: 2025-04-18 17:12:04.692 Version: 20231203-6RD
I: 2025-04-18 17:23:10.324 This software is licenced under the GPL v2 and is primarily
I: 2025-04-18 17:23:10.327 intended for amateur and educational use.
I: 2025-04-18 17:23:10.327 Created by Jonathan Naylor, G4KLX and others
I: 2025-04-18 17:23:10.328 Modified by Phil Thompson VE3RD
I: 2025-04-18 17:23:10.328 Version: 20231203-6RD
I: 2025-04-18 17:25:40.528 This software is licenced under the GPL v2 and is primarily
I: 2025-04-18 17:25:40.532 intended for amateur and educational use.
I: 2025-04-18 17:25:40.532 Created by Jonathan Naylor, G4KLX and others
I: 2025-04-18 17:25:40.532 Modified by Phil Thompson VE3RD
I: 2025-04-18 17:25:40.532 Version: 20231203-6RD
I: 2025-04-18 18:30:16.080 This software is licenced under the GPL v2 and is primarily
I: 2025-04-18 18:30:16.084 intended for amateur and educational use.
I: 2025-04-18 18:30:16.084 Created by Jonathan Naylor, G4KLX and others
I: 2025-04-18 18:30:16.084 Modified by Phil Thompson VE3RD
I: 2025-04-18 18:30:16.084 Version: 20231203-6RD
I: 2025-04-18 19:40:06.896 This software is licenced under the GPL v2 and is primarily
I: 2025-04-18 19:40:06.900 intended for amateur and educational use.
I: 2025-04-18 19:40:06.900 Created by Jonathan Naylor, G4KLX and others
I: 2025-04-18 19:40:06.900 Modified by Phil Thompson VE3RD
I: 2025-04-18 19:40:06.900 Version: 20231203-6RD
I: 2025-04-18 19:46:11.984 This software is licenced under the GPL v2 and is primarily
I: 2025-04-18 19:46:11.985 intended for amateur and educational use.
I: 2025-04-18 19:46:11.985 Created by Jonathan Naylor, G4KLX and others
I: 2025-04-18 19:46:11.985 Modified by Phil Thompson VE3RD
I: 2025-04-18 19:46:11.985 Version: 20231203-6RD
